<?xml version="1.0" encoding="UTF-8"?>
<!-- Generated by org.testng.reporters.JUnitReportReporter -->
<testsuite skipped="0" hostname="LAPTOP-3L2583U1" name="com.crm.qa.testcases.HomePageTest" tests="4" failures="0" timestamp="2020-09-23T18:09:09 IST" time="106.124" errors="0">
  <testcase name="setup" time="29.712" classname="com.crm.qa.testcases.HomePageTest"/>
  <system-out/>
  <testcase name="verifyHomePageTitleTest" time="17.568" classname="com.crm.qa.testcases.HomePageTest"/>
  <system-out/>
  <testcase name="loginTest" time="46.708" classname="com.crm.qa.testcases.HomePageTest"/>
  <system-out/>
  <testcase name="verifyUserNameTest" time="12.136" classname="com.crm.qa.testcases.HomePageTest"/>
  <system-out/>
</testsuite> <!-- com.crm.qa.testcases.HomePageTest -->
