<?xml version="1.0" encoding="UTF-8"?>
<!-- Generated by org.testng.reporters.JUnitReportReporter -->
<testsuite skipped="0" hostname="LAPTOP-3L2583U1" name="com.crm.qa.testcases.LoginPageTest" tests="3" failures="0" timestamp="2020-09-23T18:03:02 IST" time="98.743" errors="0">
  <testcase name="loginPageTitleTest" time="13.733" classname="com.crm.qa.testcases.LoginPageTest"/>
  <system-out/>
  <testcase name="crmLogoImagetEST" time="14.802" classname="com.crm.qa.testcases.LoginPageTest"/>
  <system-out/>
  <testcase name="loginTest" time="70.208" classname="com.crm.qa.testcases.LoginPageTest"/>
  <system-out/>
</testsuite> <!-- com.crm.qa.testcases.LoginPageTest -->
